<?xml version="1.0" encoding="UTF-8"?>
<!-- Generated by org.testng.reporters.JUnitXMLReporter -->
<testsuite ignored="0" hostname="IN-JL1D5S3" failures="0" tests="3" name="Default test" time="40.867" errors="0" timestamp="2024-06-17T18:52:12 IST">
  <testcase classname="tests.TestSocialHandles" name="testYTHandle" time="4.514"/>
  <testcase classname="tests.TestSocialHandles" name="testXHandle" time="6.093"/>
  <testcase classname="tests.TestSocialHandles" name="testFBHandle" time="3.623"/>
</testsuite> <!-- Default test -->
