<?xml version="1.0" encoding="UTF-8"?>
<!-- Generated by org.testng.reporters.JUnitXMLReporter -->
<testsuite ignored="2" hostname="IN-JL1D5S3" failures="0" tests="1" name="Default test" time="10.689" errors="0" timestamp="2024-06-17T22:10:00 IST">
  <testcase classname="tests.TestSocialHandles" name="testXHandle" time="5.423"/>
  <testcase classname="tests.TestSocialHandles" name="testFBHandle" time="0.0">
    <ignored/>
  </testcase> <!-- testFBHandle -->
  <testcase classname="tests.TestSocialHandles" name="testYTHandle" time="0.0">
    <ignored/>
  </testcase> <!-- testYTHandle -->
</testsuite> <!-- Default test -->
