<?xml version="1.0" encoding="UTF-8"?>
<testng-results ignored="0" total="1" passed="1" failed="0" skipped="0">
  <reporter-output>
  </reporter-output>
  <suite started-at="2024-06-17T23:41:57 IST" name="Default suite" finished-at="2024-06-17T23:42:05 IST" duration-ms="7641">
    <groups>
    </groups>
    <test started-at="2024-06-17T23:41:57 IST" name="Default test" finished-at="2024-06-17T23:42:05 IST" duration-ms="7641">
      <class name="tests.TestNotificationPage">
        <test-method is-config="true" signature="openBrowser()[pri:0, instance:tests.TestNotificationPage@31368b99]" started-at="2024-06-17T23:41:57 IST" name="openBrowser" finished-at="2024-06-17T23:42:02 IST" duration-ms="4671" status="PASS">
          <reporter-output>
          </reporter-output>
        </test-method> <!-- openBrowser -->
        <test-method signature="testNotifPage()[pri:0, instance:tests.TestNotificationPage@31368b99]" started-at="2024-06-17T23:42:02 IST" name="testNotifPage" finished-at="2024-06-17T23:42:05 IST" duration-ms="2639" status="PASS">
          <reporter-output>
          </reporter-output>
        </test-method> <!-- testNotifPage -->
        <test-method is-config="true" signature="closeBrowser()[pri:0, instance:tests.TestNotificationPage@31368b99]" started-at="2024-06-17T23:42:05 IST" name="closeBrowser" finished-at="2024-06-17T23:42:05 IST" duration-ms="305" status="PASS">
          <reporter-output>
          </reporter-output>
        </test-method> <!-- closeBrowser -->
      </class> <!-- tests.TestNotificationPage -->
    </test> <!-- Default test -->
  </suite> <!-- Default suite -->
</testng-results>
